[2m2026-03-14T18:49:40.199920Z[0m [33m WARN[0m [2mralph::loop_runner[0m[2m:[0m Interactive mode requested but stdout is not a TTY, falling back to autonomous
[2m2026-03-14T18:49:40.204470Z[0m [32m INFO[0m [2mralph_core::event_loop[0m[2m:[0m Memory injection check: enabled=true, inject=Auto, workspace_root="/home/nnico/ethereum/pq-private-transfer"
[2m2026-03-14T18:49:40.204498Z[0m [32m INFO[0m [2mralph_core::event_loop[0m[2m:[0m Looking for memories at: "/home/nnico/ethereum/pq-private-transfer/.ralph/agent/memories.md" (exists: false)
[2m2026-03-14T18:49:40.204505Z[0m [32m INFO[0m [2mralph_core::event_loop[0m[2m:[0m Successfully loaded 0 memories from store
[2m2026-03-14T18:49:40.204508Z[0m [32m INFO[0m [2mralph_core::event_loop[0m[2m:[0m Memory store is empty - no memories to inject
[2m2026-03-14T18:51:02.563519Z[0m [32m INFO[0m [2mralph_core::event_loop[0m[2m:[0m Memory injection check: enabled=true, inject=Auto, workspace_root="/home/nnico/ethereum/pq-private-transfer"
[2m2026-03-14T18:51:02.563564Z[0m [32m INFO[0m [2mralph_core::event_loop[0m[2m:[0m Looking for memories at: "/home/nnico/ethereum/pq-private-transfer/.ralph/agent/memories.md" (exists: false)
[2m2026-03-14T18:51:02.563576Z[0m [32m INFO[0m [2mralph_core::event_loop[0m[2m:[0m Successfully loaded 0 memories from store
[2m2026-03-14T18:51:02.563581Z[0m [32m INFO[0m [2mralph_core::event_loop[0m[2m:[0m Memory store is empty - no memories to inject
[2m2026-03-14T18:51:02.563620Z[0m [32m INFO[0m [2mralph_core::event_loop[0m[2m:[0m Injecting scratchpad (847 chars) into prompt
[2m2026-03-14T18:51:02.563673Z[0m [32m INFO[0m [2mralph_core::event_loop[0m[2m:[0m Injecting ready tasks (0 ready, 1 open, 0 closed) into prompt
[2m2026-03-14T18:52:24.194040Z[0m [32m INFO[0m [2mralph_core::event_loop[0m[2m:[0m Memory injection check: enabled=true, inject=Auto, workspace_root="/home/nnico/ethereum/pq-private-transfer"
[2m2026-03-14T18:52:24.194704Z[0m [32m INFO[0m [2mralph_core::event_loop[0m[2m:[0m Looking for memories at: "/home/nnico/ethereum/pq-private-transfer/.ralph/agent/memories.md" (exists: false)
[2m2026-03-14T18:52:24.194716Z[0m [32m INFO[0m [2mralph_core::event_loop[0m[2m:[0m Successfully loaded 0 memories from store
[2m2026-03-14T18:52:24.194720Z[0m [32m INFO[0m [2mralph_core::event_loop[0m[2m:[0m Memory store is empty - no memories to inject
[2m2026-03-14T18:52:24.194964Z[0m [32m INFO[0m [2mralph_core::event_loop[0m[2m:[0m Injecting scratchpad (847 chars) into prompt
[2m2026-03-14T18:52:24.195044Z[0m [32m INFO[0m [2mralph_core::event_loop[0m[2m:[0m Injecting ready tasks (0 ready, 1 open, 1 closed) into prompt
[2m2026-03-14T18:53:33.680985Z[0m [32m INFO[0m [2mralph_core::event_loop[0m[2m:[0m Memory injection check: enabled=true, inject=Auto, workspace_root="/home/nnico/ethereum/pq-private-transfer"
[2m2026-03-14T18:53:33.681911Z[0m [32m INFO[0m [2mralph_core::event_loop[0m[2m:[0m Looking for memories at: "/home/nnico/ethereum/pq-private-transfer/.ralph/agent/memories.md" (exists: false)
[2m2026-03-14T18:53:33.681925Z[0m [32m INFO[0m [2mralph_core::event_loop[0m[2m:[0m Successfully loaded 0 memories from store
[2m2026-03-14T18:53:33.681930Z[0m [32m INFO[0m [2mralph_core::event_loop[0m[2m:[0m Memory store is empty - no memories to inject
[2m2026-03-14T18:53:33.682218Z[0m [32m INFO[0m [2mralph_core::event_loop[0m[2m:[0m Injecting scratchpad (847 chars) into prompt
[2m2026-03-14T18:53:33.682315Z[0m [32m INFO[0m [2mralph_core::event_loop[0m[2m:[0m Injecting ready tasks (0 ready, 1 open, 1 closed) into prompt
[2m2026-03-14T18:56:52.633614Z[0m [32m INFO[0m [2mralph_core::event_loop[0m[2m:[0m Memory injection check: enabled=true, inject=Auto, workspace_root="/home/nnico/ethereum/pq-private-transfer"
[2m2026-03-14T18:56:52.634528Z[0m [32m INFO[0m [2mralph_core::event_loop[0m[2m:[0m Looking for memories at: "/home/nnico/ethereum/pq-private-transfer/.ralph/agent/memories.md" (exists: false)
[2m2026-03-14T18:56:52.634552Z[0m [32m INFO[0m [2mralph_core::event_loop[0m[2m:[0m Successfully loaded 0 memories from store
[2m2026-03-14T18:56:52.634555Z[0m [32m INFO[0m [2mralph_core::event_loop[0m[2m:[0m Memory store is empty - no memories to inject
[2m2026-03-14T18:56:52.634593Z[0m [32m INFO[0m [2mralph_core::event_loop[0m[2m:[0m Injecting scratchpad (1228 chars) into prompt
[2m2026-03-14T18:56:52.634951Z[0m [32m INFO[0m [2mralph_core::event_loop[0m[2m:[0m Injecting ready tasks (0 ready, 1 open, 1 closed) into prompt
[2m2026-03-14T18:57:57.258506Z[0m [32m INFO[0m [2mralph_core::event_loop[0m[2m:[0m Memory injection check: enabled=true, inject=Auto, workspace_root="/home/nnico/ethereum/pq-private-transfer"
[2m2026-03-14T18:57:57.258737Z[0m [32m INFO[0m [2mralph_core::event_loop[0m[2m:[0m Looking for memories at: "/home/nnico/ethereum/pq-private-transfer/.ralph/agent/memories.md" (exists: false)
[2m2026-03-14T18:57:57.258749Z[0m [32m INFO[0m [2mralph_core::event_loop[0m[2m:[0m Successfully loaded 0 memories from store
[2m2026-03-14T18:57:57.258754Z[0m [32m INFO[0m [2mralph_core::event_loop[0m[2m:[0m Memory store is empty - no memories to inject
[2m2026-03-14T18:57:57.258789Z[0m [32m INFO[0m [2mralph_core::event_loop[0m[2m:[0m Injecting scratchpad (1587 chars) into prompt
[2m2026-03-14T18:57:57.259042Z[0m [32m INFO[0m [2mralph_core::event_loop[0m[2m:[0m Injecting ready tasks (0 ready, 1 open, 1 closed) into prompt
[2m2026-03-14T18:59:12.431399Z[0m [32m INFO[0m [2mralph_core::event_loop[0m[2m:[0m Memory injection check: enabled=true, inject=Auto, workspace_root="/home/nnico/ethereum/pq-private-transfer"
[2m2026-03-14T18:59:12.431459Z[0m [32m INFO[0m [2mralph_core::event_loop[0m[2m:[0m Looking for memories at: "/home/nnico/ethereum/pq-private-transfer/.ralph/agent/memories.md" (exists: false)
[2m2026-03-14T18:59:12.431474Z[0m [32m INFO[0m [2mralph_core::event_loop[0m[2m:[0m Successfully loaded 0 memories from store
[2m2026-03-14T18:59:12.431480Z[0m [32m INFO[0m [2mralph_core::event_loop[0m[2m:[0m Memory store is empty - no memories to inject
[2m2026-03-14T18:59:12.431519Z[0m [32m INFO[0m [2mralph_core::event_loop[0m[2m:[0m Injecting scratchpad (2454 chars) into prompt
[2m2026-03-14T18:59:12.431578Z[0m [32m INFO[0m [2mralph_core::event_loop[0m[2m:[0m Injecting ready tasks (0 ready, 1 open, 1 closed) into prompt
[2m2026-03-14T19:00:24.955006Z[0m [32m INFO[0m [2mralph_core::event_loop[0m[2m:[0m Memory injection check: enabled=true, inject=Auto, workspace_root="/home/nnico/ethereum/pq-private-transfer"
[2m2026-03-14T19:00:24.955056Z[0m [32m INFO[0m [2mralph_core::event_loop[0m[2m:[0m Looking for memories at: "/home/nnico/ethereum/pq-private-transfer/.ralph/agent/memories.md" (exists: false)
[2m2026-03-14T19:00:24.955067Z[0m [32m INFO[0m [2mralph_core::event_loop[0m[2m:[0m Successfully loaded 0 memories from store
[2m2026-03-14T19:00:24.955072Z[0m [32m INFO[0m [2mralph_core::event_loop[0m[2m:[0m Memory store is empty - no memories to inject
[2m2026-03-14T19:00:24.955101Z[0m [32m INFO[0m [2mralph_core::event_loop[0m[2m:[0m Injecting scratchpad (3003 chars) into prompt
[2m2026-03-14T19:00:24.955154Z[0m [32m INFO[0m [2mralph_core::event_loop[0m[2m:[0m Injecting ready tasks (0 ready, 0 open, 2 closed) into prompt
[2m2026-03-14T19:04:00.624707Z[0m [32m INFO[0m [2mralph_core::event_loop[0m[2m:[0m Memory injection check: enabled=true, inject=Auto, workspace_root="/home/nnico/ethereum/pq-private-transfer"
[2m2026-03-14T19:04:00.624758Z[0m [32m INFO[0m [2mralph_core::event_loop[0m[2m:[0m Looking for memories at: "/home/nnico/ethereum/pq-private-transfer/.ralph/agent/memories.md" (exists: false)
[2m2026-03-14T19:04:00.624770Z[0m [32m INFO[0m [2mralph_core::event_loop[0m[2m:[0m Successfully loaded 0 memories from store
[2m2026-03-14T19:04:00.624775Z[0m [32m INFO[0m [2mralph_core::event_loop[0m[2m:[0m Memory store is empty - no memories to inject
[2m2026-03-14T19:04:00.624828Z[0m [32m INFO[0m [2mralph_core::event_loop[0m[2m:[0m Injecting scratchpad (3591 chars) into prompt
[2m2026-03-14T19:04:00.624877Z[0m [32m INFO[0m [2mralph_core::event_loop[0m[2m:[0m Injecting ready tasks (0 ready, 0 open, 3 closed) into prompt
[2m2026-03-14T19:05:34.398069Z[0m [32m INFO[0m [2mralph_core::event_loop[0m[2m:[0m Memory injection check: enabled=true, inject=Auto, workspace_root="/home/nnico/ethereum/pq-private-transfer"
[2m2026-03-14T19:05:34.398117Z[0m [32m INFO[0m [2mralph_core::event_loop[0m[2m:[0m Looking for memories at: "/home/nnico/ethereum/pq-private-transfer/.ralph/agent/memories.md" (exists: true)
[2m2026-03-14T19:05:34.402380Z[0m [32m INFO[0m [2mralph_core::event_loop[0m[2m:[0m Successfully loaded 1 memories from store
[2m2026-03-14T19:05:34.402414Z[0m [32m INFO[0m [2mralph_core::event_loop[0m[2m:[0m Injecting 1 memories (251 chars) into prompt
[2m2026-03-14T19:05:34.402449Z[0m [32m INFO[0m [2mralph_core::event_loop[0m[2m:[0m Injecting scratchpad (4570 chars) into prompt
[2m2026-03-14T19:05:34.402495Z[0m [32m INFO[0m [2mralph_core::event_loop[0m[2m:[0m Injecting ready tasks (0 ready, 0 open, 4 closed) into prompt
[2m2026-03-14T19:09:26.376970Z[0m [32m INFO[0m [2mralph_core::event_loop[0m[2m:[0m Memory injection check: enabled=true, inject=Auto, workspace_root="/home/nnico/ethereum/pq-private-transfer"
[2m2026-03-14T19:09:26.377060Z[0m [32m INFO[0m [2mralph_core::event_loop[0m[2m:[0m Looking for memories at: "/home/nnico/ethereum/pq-private-transfer/.ralph/agent/memories.md" (exists: true)
[2m2026-03-14T19:09:26.377240Z[0m [32m INFO[0m [2mralph_core::event_loop[0m[2m:[0m Successfully loaded 4 memories from store
[2m2026-03-14T19:09:26.377291Z[0m [32m INFO[0m [2mralph_core::event_loop[0m[2m:[0m Injecting 4 memories (1296 chars) into prompt
[2m2026-03-14T19:09:26.377343Z[0m [32m INFO[0m [2mralph_core::event_loop[0m[2m:[0m Injecting scratchpad (6228 chars) into prompt
[2m2026-03-14T19:09:26.377397Z[0m [32m INFO[0m [2mralph_core::event_loop[0m[2m:[0m Injecting ready tasks (0 ready, 0 open, 5 closed) into prompt
[2m2026-03-14T19:11:58.697787Z[0m [32m INFO[0m [2mralph_core::event_loop[0m[2m:[0m Memory injection check: enabled=true, inject=Auto, workspace_root="/home/nnico/ethereum/pq-private-transfer"
[2m2026-03-14T19:11:58.697837Z[0m [32m INFO[0m [2mralph_core::event_loop[0m[2m:[0m Looking for memories at: "/home/nnico/ethereum/pq-private-transfer/.ralph/agent/memories.md" (exists: true)
[2m2026-03-14T19:11:58.697926Z[0m [32m INFO[0m [2mralph_core::event_loop[0m[2m:[0m Successfully loaded 4 memories from store
[2m2026-03-14T19:11:58.697936Z[0m [32m INFO[0m [2mralph_core::event_loop[0m[2m:[0m Injecting 4 memories (1296 chars) into prompt
[2m2026-03-14T19:11:58.697971Z[0m [32m INFO[0m [2mralph_core::event_loop[0m[2m:[0m Injecting scratchpad (7040 chars) into prompt
[2m2026-03-14T19:11:58.698031Z[0m [32m INFO[0m [2mralph_core::event_loop[0m[2m:[0m Injecting ready tasks (0 ready, 0 open, 6 closed) into prompt
[2m2026-03-14T19:14:08.877765Z[0m [32m INFO[0m [2mralph_core::event_loop[0m[2m:[0m Memory injection check: enabled=true, inject=Auto, workspace_root="/home/nnico/ethereum/pq-private-transfer"
[2m2026-03-14T19:14:08.877857Z[0m [32m INFO[0m [2mralph_core::event_loop[0m[2m:[0m Looking for memories at: "/home/nnico/ethereum/pq-private-transfer/.ralph/agent/memories.md" (exists: true)
[2m2026-03-14T19:14:08.877974Z[0m [32m INFO[0m [2mralph_core::event_loop[0m[2m:[0m Successfully loaded 4 memories from store
[2m2026-03-14T19:14:08.877987Z[0m [32m INFO[0m [2mralph_core::event_loop[0m[2m:[0m Injecting 4 memories (1296 chars) into prompt
[2m2026-03-14T19:14:08.878019Z[0m [32m INFO[0m [2mralph_core::event_loop[0m[2m:[0m Injecting scratchpad (8366 chars) into prompt
[2m2026-03-14T19:14:08.878079Z[0m [32m INFO[0m [2mralph_core::event_loop[0m[2m:[0m Injecting ready tasks (1 ready, 1 open, 7 closed) into prompt
[2m2026-03-14T19:17:09.617578Z[0m [32m INFO[0m [2mralph_core::event_loop[0m[2m:[0m Memory injection check: enabled=true, inject=Auto, workspace_root="/home/nnico/ethereum/pq-private-transfer"
[2m2026-03-14T19:17:09.617628Z[0m [32m INFO[0m [2mralph_core::event_loop[0m[2m:[0m Looking for memories at: "/home/nnico/ethereum/pq-private-transfer/.ralph/agent/memories.md" (exists: true)
[2m2026-03-14T19:17:09.617732Z[0m [32m INFO[0m [2mralph_core::event_loop[0m[2m:[0m Successfully loaded 4 memories from store
[2m2026-03-14T19:17:09.617747Z[0m [32m INFO[0m [2mralph_core::event_loop[0m[2m:[0m Injecting 4 memories (1296 chars) into prompt
[2m2026-03-14T19:17:09.617783Z[0m [32m INFO[0m [2mralph_core::event_loop[0m[2m:[0m Injecting scratchpad (9689 chars) into prompt
[2m2026-03-14T19:17:09.617834Z[0m [32m INFO[0m [2mralph_core::event_loop[0m[2m:[0m Injecting ready tasks (0 ready, 1 open, 7 closed) into prompt
[2m2026-03-14T19:18:49.897009Z[0m [32m INFO[0m [2mralph_core::event_loop[0m[2m:[0m Memory injection check: enabled=true, inject=Auto, workspace_root="/home/nnico/ethereum/pq-private-transfer"
[2m2026-03-14T19:18:49.897096Z[0m [32m INFO[0m [2mralph_core::event_loop[0m[2m:[0m Looking for memories at: "/home/nnico/ethereum/pq-private-transfer/.ralph/agent/memories.md" (exists: true)
[2m2026-03-14T19:18:49.897362Z[0m [32m INFO[0m [2mralph_core::event_loop[0m[2m:[0m Successfully loaded 5 memories from store
[2m2026-03-14T19:18:49.897431Z[0m [32m INFO[0m [2mralph_core::event_loop[0m[2m:[0m Injecting 5 memories (1623 chars) into prompt
[2m2026-03-14T19:18:49.897513Z[0m [32m INFO[0m [2mralph_core::event_loop[0m[2m:[0m Injecting scratchpad (11015 chars) into prompt
[2m2026-03-14T19:18:49.897645Z[0m [32m INFO[0m [2mralph_core::event_loop[0m[2m:[0m Injecting ready tasks (0 ready, 1 open, 7 closed) into prompt
[2m2026-03-14T19:19:32.734023Z[0m [32m INFO[0m [2mralph_core::event_loop[0m[2m:[0m Memory injection check: enabled=true, inject=Auto, workspace_root="/home/nnico/ethereum/pq-private-transfer"
[2m2026-03-14T19:19:32.734111Z[0m [32m INFO[0m [2mralph_core::event_loop[0m[2m:[0m Looking for memories at: "/home/nnico/ethereum/pq-private-transfer/.ralph/agent/memories.md" (exists: true)
[2m2026-03-14T19:19:32.734251Z[0m [32m INFO[0m [2mralph_core::event_loop[0m[2m:[0m Successfully loaded 5 memories from store
[2m2026-03-14T19:19:32.734270Z[0m [32m INFO[0m [2mralph_core::event_loop[0m[2m:[0m Injecting 5 memories (1623 chars) into prompt
[2m2026-03-14T19:19:32.734337Z[0m [32m INFO[0m [2mralph_core::event_loop[0m[2m:[0m Injecting scratchpad (11679 chars) into prompt
[2m2026-03-14T19:19:32.734438Z[0m [32m INFO[0m [2mralph_core::event_loop[0m[2m:[0m Injecting ready tasks (0 ready, 0 open, 8 closed) into prompt
[2m2026-03-14T19:21:12.018308Z[0m [32m INFO[0m [2mralph_core::event_loop[0m[2m:[0m Memory injection check: enabled=true, inject=Auto, workspace_root="/home/nnico/ethereum/pq-private-transfer"
[2m2026-03-14T19:21:12.018356Z[0m [32m INFO[0m [2mralph_core::event_loop[0m[2m:[0m Looking for memories at: "/home/nnico/ethereum/pq-private-transfer/.ralph/agent/memories.md" (exists: true)
[2m2026-03-14T19:21:12.018451Z[0m [32m INFO[0m [2mralph_core::event_loop[0m[2m:[0m Successfully loaded 5 memories from store
[2m2026-03-14T19:21:12.018465Z[0m [32m INFO[0m [2mralph_core::event_loop[0m[2m:[0m Injecting 5 memories (1623 chars) into prompt
[2m2026-03-14T19:21:12.018513Z[0m [32m INFO[0m [2mralph_core::event_loop[0m[2m:[0m Injecting scratchpad (12897 chars) into prompt
[2m2026-03-14T19:21:12.018580Z[0m [32m INFO[0m [2mralph_core::event_loop[0m[2m:[0m Injecting ready tasks (1 ready, 1 open, 8 closed) into prompt
[2m2026-03-14T19:23:46.491354Z[0m [32m INFO[0m [2mralph_core::event_loop[0m[2m:[0m Memory injection check: enabled=true, inject=Auto, workspace_root="/home/nnico/ethereum/pq-private-transfer"
[2m2026-03-14T19:23:46.491461Z[0m [32m INFO[0m [2mralph_core::event_loop[0m[2m:[0m Looking for memories at: "/home/nnico/ethereum/pq-private-transfer/.ralph/agent/memories.md" (exists: true)
[2m2026-03-14T19:23:46.491566Z[0m [32m INFO[0m [2mralph_core::event_loop[0m[2m:[0m Successfully loaded 5 memories from store
[2m2026-03-14T19:23:46.491576Z[0m [32m INFO[0m [2mralph_core::event_loop[0m[2m:[0m Injecting 5 memories (1623 chars) into prompt
[2m2026-03-14T19:23:46.491620Z[0m [32m INFO[0m [2mralph_core::event_loop[0m[2m:[0m Injecting scratchpad (14142 chars) into prompt
[2m2026-03-14T19:23:46.491710Z[0m [32m INFO[0m [2mralph_core::event_loop[0m[2m:[0m Injecting ready tasks (0 ready, 1 open, 8 closed) into prompt
[2m2026-03-14T19:25:42.066218Z[0m [32m INFO[0m [2mralph_core::event_loop[0m[2m:[0m Memory injection check: enabled=true, inject=Auto, workspace_root="/home/nnico/ethereum/pq-private-transfer"
[2m2026-03-14T19:25:42.066278Z[0m [32m INFO[0m [2mralph_core::event_loop[0m[2m:[0m Looking for memories at: "/home/nnico/ethereum/pq-private-transfer/.ralph/agent/memories.md" (exists: true)
[2m2026-03-14T19:25:42.066376Z[0m [32m INFO[0m [2mralph_core::event_loop[0m[2m:[0m Successfully loaded 5 memories from store
[2m2026-03-14T19:25:42.066406Z[0m [32m INFO[0m [2mralph_core::event_loop[0m[2m:[0m Injecting 5 memories (1623 chars) into prompt
[2m2026-03-14T19:25:42.066450Z[0m [32m INFO[0m [2mralph_core::event_loop[0m[2m:[0m Injecting scratchpad (15494 chars) into prompt
[2m2026-03-14T19:25:42.066513Z[0m [32m INFO[0m [2mralph_core::event_loop[0m[2m:[0m Injecting ready tasks (0 ready, 1 open, 8 closed) into prompt
[2m2026-03-14T19:26:33.449847Z[0m [32m INFO[0m [2mralph_core::event_loop[0m[2m:[0m Memory injection check: enabled=true, inject=Auto, workspace_root="/home/nnico/ethereum/pq-private-transfer"
[2m2026-03-14T19:26:33.449904Z[0m [32m INFO[0m [2mralph_core::event_loop[0m[2m:[0m Looking for memories at: "/home/nnico/ethereum/pq-private-transfer/.ralph/agent/memories.md" (exists: true)
[2m2026-03-14T19:26:33.450001Z[0m [32m INFO[0m [2mralph_core::event_loop[0m[2m:[0m Successfully loaded 5 memories from store
[2m2026-03-14T19:26:33.450015Z[0m [32m INFO[0m [2mralph_core::event_loop[0m[2m:[0m Injecting 5 memories (1623 chars) into prompt
[2m2026-03-14T19:26:33.450063Z[0m [32m INFO[0m [2mralph_core::event_loop[0m[2m:[0m Injecting scratchpad (16046 chars) into prompt
[2m2026-03-14T19:26:33.450176Z[0m [32m INFO[0m [2mralph_core::event_loop[0m[2m:[0m Injecting ready tasks (0 ready, 0 open, 9 closed) into prompt
[2m2026-03-14T19:27:59.110614Z[0m [32m INFO[0m [2mralph_core::event_loop[0m[2m:[0m Memory injection check: enabled=true, inject=Auto, workspace_root="/home/nnico/ethereum/pq-private-transfer"
[2m2026-03-14T19:27:59.110673Z[0m [32m INFO[0m [2mralph_core::event_loop[0m[2m:[0m Looking for memories at: "/home/nnico/ethereum/pq-private-transfer/.ralph/agent/memories.md" (exists: true)
[2m2026-03-14T19:27:59.110787Z[0m [32m INFO[0m [2mralph_core::event_loop[0m[2m:[0m Successfully loaded 5 memories from store
[2m2026-03-14T19:27:59.110800Z[0m [32m INFO[0m [2mralph_core::event_loop[0m[2m:[0m Injecting 5 memories (1623 chars) into prompt
[2m2026-03-14T19:27:59.110849Z[0m [32m INFO[0m [2mralph_core::event_loop[0m[2m:[0m Injecting scratchpad (15936 chars) into prompt
[2m2026-03-14T19:27:59.110942Z[0m [32m INFO[0m [2mralph_core::event_loop[0m[2m:[0m Injecting ready tasks (1 ready, 1 open, 9 closed) into prompt
[2m2026-03-14T19:37:07.257788Z[0m [32m INFO[0m [2mralph_core::event_loop[0m[2m:[0m Memory injection check: enabled=true, inject=Auto, workspace_root="/home/nnico/ethereum/pq-private-transfer"
[2m2026-03-14T19:37:07.257844Z[0m [32m INFO[0m [2mralph_core::event_loop[0m[2m:[0m Looking for memories at: "/home/nnico/ethereum/pq-private-transfer/.ralph/agent/memories.md" (exists: true)
[2m2026-03-14T19:37:07.257971Z[0m [32m INFO[0m [2mralph_core::event_loop[0m[2m:[0m Successfully loaded 5 memories from store
[2m2026-03-14T19:37:07.257994Z[0m [32m INFO[0m [2mralph_core::event_loop[0m[2m:[0m Injecting 5 memories (1623 chars) into prompt
[2m2026-03-14T19:37:07.258031Z[0m [32m INFO[0m [2mralph_core::event_loop[0m[2m:[0m Injecting scratchpad (16210 chars) into prompt
[2m2026-03-14T19:37:07.258110Z[0m [32m INFO[0m [2mralph_core::event_loop[0m[2m:[0m Injecting ready tasks (0 ready, 1 open, 9 closed) into prompt
[2m2026-03-14T19:40:06.771722Z[0m [32m INFO[0m [2mralph_core::event_loop[0m[2m:[0m Memory injection check: enabled=true, inject=Auto, workspace_root="/home/nnico/ethereum/pq-private-transfer"
[2m2026-03-14T19:40:06.771811Z[0m [32m INFO[0m [2mralph_core::event_loop[0m[2m:[0m Looking for memories at: "/home/nnico/ethereum/pq-private-transfer/.ralph/agent/memories.md" (exists: true)
[2m2026-03-14T19:40:06.771961Z[0m [32m INFO[0m [2mralph_core::event_loop[0m[2m:[0m Successfully loaded 7 memories from store
[2m2026-03-14T19:40:06.771983Z[0m [32m INFO[0m [2mralph_core::event_loop[0m[2m:[0m Injecting 7 memories (2283 chars) into prompt
[2m2026-03-14T19:40:06.772057Z[0m [32m INFO[0m [2mralph_core::event_loop[0m[2m:[0m Injecting scratchpad (16333 chars) into prompt
[2m2026-03-14T19:40:06.772181Z[0m [32m INFO[0m [2mralph_core::event_loop[0m[2m:[0m Injecting ready tasks (0 ready, 1 open, 9 closed) into prompt
[2m2026-03-14T19:42:12.184570Z[0m [32m INFO[0m [2mralph_core::event_loop[0m[2m:[0m Memory injection check: enabled=true, inject=Auto, workspace_root="/home/nnico/ethereum/pq-private-transfer"
[2m2026-03-14T19:42:12.184667Z[0m [32m INFO[0m [2mralph_core::event_loop[0m[2m:[0m Looking for memories at: "/home/nnico/ethereum/pq-private-transfer/.ralph/agent/memories.md" (exists: true)
[2m2026-03-14T19:42:12.184831Z[0m [32m INFO[0m [2mralph_core::event_loop[0m[2m:[0m Successfully loaded 7 memories from store
[2m2026-03-14T19:42:12.184874Z[0m [32m INFO[0m [2mralph_core::event_loop[0m[2m:[0m Injecting 7 memories (2283 chars) into prompt
[2m2026-03-14T19:42:12.184927Z[0m [32m INFO[0m [2mralph_core::event_loop[0m[2m:[0m Injecting scratchpad (16264 chars) into prompt
[2m2026-03-14T19:42:12.184998Z[0m [32m INFO[0m [2mralph_core::event_loop[0m[2m:[0m Injecting ready tasks (0 ready, 0 open, 10 closed) into prompt
[2m2026-03-14T19:43:33.101946Z[0m [32m INFO[0m [2mralph_core::event_loop[0m[2m:[0m Memory injection check: enabled=true, inject=Auto, workspace_root="/home/nnico/ethereum/pq-private-transfer"
[2m2026-03-14T19:43:33.101997Z[0m [32m INFO[0m [2mralph_core::event_loop[0m[2m:[0m Looking for memories at: "/home/nnico/ethereum/pq-private-transfer/.ralph/agent/memories.md" (exists: true)
[2m2026-03-14T19:43:33.102151Z[0m [32m INFO[0m [2mralph_core::event_loop[0m[2m:[0m Successfully loaded 7 memories from store
[2m2026-03-14T19:43:33.102199Z[0m [32m INFO[0m [2mralph_core::event_loop[0m[2m:[0m Injecting 7 memories (2283 chars) into prompt
[2m2026-03-14T19:43:33.102272Z[0m [32m INFO[0m [2mralph_core::event_loop[0m[2m:[0m Injecting scratchpad (16350 chars) into prompt
[2m2026-03-14T19:43:33.102353Z[0m [32m INFO[0m [2mralph_core::event_loop[0m[2m:[0m Injecting ready tasks (1 ready, 1 open, 10 closed) into prompt
[2m2026-03-14T19:48:27.661267Z[0m [32m INFO[0m [2mralph_core::event_loop[0m[2m:[0m Memory injection check: enabled=true, inject=Auto, workspace_root="/home/nnico/ethereum/pq-private-transfer"
[2m2026-03-14T19:48:27.661331Z[0m [32m INFO[0m [2mralph_core::event_loop[0m[2m:[0m Looking for memories at: "/home/nnico/ethereum/pq-private-transfer/.ralph/agent/memories.md" (exists: true)
[2m2026-03-14T19:48:27.661422Z[0m [32m INFO[0m [2mralph_core::event_loop[0m[2m:[0m Successfully loaded 7 memories from store
[2m2026-03-14T19:48:27.661434Z[0m [32m INFO[0m [2mralph_core::event_loop[0m[2m:[0m Injecting 7 memories (2283 chars) into prompt
[2m2026-03-14T19:48:27.661485Z[0m [32m INFO[0m [2mralph_core::event_loop[0m[2m:[0m Injecting scratchpad (16385 chars) into prompt
[2m2026-03-14T19:48:27.661574Z[0m [32m INFO[0m [2mralph_core::event_loop[0m[2m:[0m Injecting ready tasks (0 ready, 1 open, 10 closed) into prompt
[2m2026-03-14T19:50:54.165058Z[0m [32m INFO[0m [2mralph_core::event_loop[0m[2m:[0m Memory injection check: enabled=true, inject=Auto, workspace_root="/home/nnico/ethereum/pq-private-transfer"
[2m2026-03-14T19:50:54.165186Z[0m [32m INFO[0m [2mralph_core::event_loop[0m[2m:[0m Looking for memories at: "/home/nnico/ethereum/pq-private-transfer/.ralph/agent/memories.md" (exists: true)
[2m2026-03-14T19:50:54.165422Z[0m [32m INFO[0m [2mralph_core::event_loop[0m[2m:[0m Successfully loaded 8 memories from store
[2m2026-03-14T19:50:54.165484Z[0m [32m INFO[0m [2mralph_core::event_loop[0m[2m:[0m Injecting 8 memories (2615 chars) into prompt
[2m2026-03-14T19:50:54.165572Z[0m [32m INFO[0m [2mralph_core::event_loop[0m[2m:[0m Injecting scratchpad (16424 chars) into prompt
[2m2026-03-14T19:50:54.165650Z[0m [32m INFO[0m [2mralph_core::event_loop[0m[2m:[0m Injecting ready tasks (0 ready, 1 open, 10 closed) into prompt
[2m2026-03-14T19:51:55.640560Z[0m [32m INFO[0m [2mralph_core::event_loop[0m[2m:[0m Memory injection check: enabled=true, inject=Auto, workspace_root="/home/nnico/ethereum/pq-private-transfer"
[2m2026-03-14T19:51:55.640650Z[0m [32m INFO[0m [2mralph_core::event_loop[0m[2m:[0m Looking for memories at: "/home/nnico/ethereum/pq-private-transfer/.ralph/agent/memories.md" (exists: true)
[2m2026-03-14T19:51:55.640795Z[0m [32m INFO[0m [2mralph_core::event_loop[0m[2m:[0m Successfully loaded 9 memories from store
[2m2026-03-14T19:51:55.640810Z[0m [32m INFO[0m [2mralph_core::event_loop[0m[2m:[0m Injecting 9 memories (3126 chars) into prompt
[2m2026-03-14T19:51:55.640888Z[0m [32m INFO[0m [2mralph_core::event_loop[0m[2m:[0m Injecting scratchpad (16439 chars) into prompt
[2m2026-03-14T19:51:55.640970Z[0m [32m INFO[0m [2mralph_core::event_loop[0m[2m:[0m Injecting ready tasks (0 ready, 0 open, 11 closed) into prompt
[2m2026-03-14T19:53:25.646792Z[0m [32m INFO[0m [2mralph_core::event_loop[0m[2m:[0m Memory injection check: enabled=true, inject=Auto, workspace_root="/home/nnico/ethereum/pq-private-transfer"
[2m2026-03-14T19:53:25.646860Z[0m [32m INFO[0m [2mralph_core::event_loop[0m[2m:[0m Looking for memories at: "/home/nnico/ethereum/pq-private-transfer/.ralph/agent/memories.md" (exists: true)
[2m2026-03-14T19:53:25.647002Z[0m [32m INFO[0m [2mralph_core::event_loop[0m[2m:[0m Successfully loaded 9 memories from store
[2m2026-03-14T19:53:25.647038Z[0m [32m INFO[0m [2mralph_core::event_loop[0m[2m:[0m Injecting 9 memories (3126 chars) into prompt
[2m2026-03-14T19:53:25.647095Z[0m [32m INFO[0m [2mralph_core::event_loop[0m[2m:[0m Injecting scratchpad (16438 chars) into prompt
[2m2026-03-14T19:53:25.647176Z[0m [32m INFO[0m [2mralph_core::event_loop[0m[2m:[0m Injecting ready tasks (1 ready, 1 open, 11 closed) into prompt
[2m2026-03-14T19:56:54.929861Z[0m [32m INFO[0m [2mralph_core::event_loop[0m[2m:[0m Memory injection check: enabled=true, inject=Auto, workspace_root="/home/nnico/ethereum/pq-private-transfer"
[2m2026-03-14T19:56:54.929923Z[0m [32m INFO[0m [2mralph_core::event_loop[0m[2m:[0m Looking for memories at: "/home/nnico/ethereum/pq-private-transfer/.ralph/agent/memories.md" (exists: true)
[2m2026-03-14T19:56:54.930040Z[0m [32m INFO[0m [2mralph_core::event_loop[0m[2m:[0m Successfully loaded 9 memories from store
[2m2026-03-14T19:56:54.930076Z[0m [32m INFO[0m [2mralph_core::event_loop[0m[2m:[0m Injecting 9 memories (3126 chars) into prompt
[2m2026-03-14T19:56:54.930149Z[0m [32m INFO[0m [2mralph_core::event_loop[0m[2m:[0m Injecting scratchpad (16405 chars) into prompt
[2m2026-03-14T19:56:54.930251Z[0m [32m INFO[0m [2mralph_core::event_loop[0m[2m:[0m Injecting ready tasks (0 ready, 1 open, 11 closed) into prompt
[2m2026-03-14T19:58:27.247148Z[0m [32m INFO[0m [2mralph_core::event_loop[0m[2m:[0m Memory injection check: enabled=true, inject=Auto, workspace_root="/home/nnico/ethereum/pq-private-transfer"
[2m2026-03-14T19:58:27.247237Z[0m [32m INFO[0m [2mralph_core::event_loop[0m[2m:[0m Looking for memories at: "/home/nnico/ethereum/pq-private-transfer/.ralph/agent/memories.md" (exists: true)
[2m2026-03-14T19:58:27.247412Z[0m [32m INFO[0m [2mralph_core::event_loop[0m[2m:[0m Successfully loaded 9 memories from store
[2m2026-03-14T19:58:27.247469Z[0m [32m INFO[0m [2mralph_core::event_loop[0m[2m:[0m Injecting 9 memories (3126 chars) into prompt
[2m2026-03-14T19:58:27.247593Z[0m [32m INFO[0m [2mralph_core::event_loop[0m[2m:[0m Injecting scratchpad (16393 chars) into prompt
[2m2026-03-14T19:58:27.247706Z[0m [32m INFO[0m [2mralph_core::event_loop[0m[2m:[0m Injecting ready tasks (0 ready, 1 open, 11 closed) into prompt
[2m2026-03-14T19:59:22.788118Z[0m [32m INFO[0m [2mralph_core::event_loop[0m[2m:[0m Memory injection check: enabled=true, inject=Auto, workspace_root="/home/nnico/ethereum/pq-private-transfer"
[2m2026-03-14T19:59:22.788178Z[0m [32m INFO[0m [2mralph_core::event_loop[0m[2m:[0m Looking for memories at: "/home/nnico/ethereum/pq-private-transfer/.ralph/agent/memories.md" (exists: true)
[2m2026-03-14T19:59:22.788312Z[0m [32m INFO[0m [2mralph_core::event_loop[0m[2m:[0m Successfully loaded 9 memories from store
[2m2026-03-14T19:59:22.788329Z[0m [32m INFO[0m [2mralph_core::event_loop[0m[2m:[0m Injecting 9 memories (3126 chars) into prompt
[2m2026-03-14T19:59:22.788387Z[0m [32m INFO[0m [2mralph_core::event_loop[0m[2m:[0m Injecting scratchpad (16590 chars) into prompt
[2m2026-03-14T19:59:22.788468Z[0m [32m INFO[0m [2mralph_core::event_loop[0m[2m:[0m Injecting ready tasks (0 ready, 0 open, 12 closed) into prompt
[2m2026-03-14T20:11:08.222151Z[0m [32m INFO[0m [2mralph_core::event_loop[0m[2m:[0m Memory injection check: enabled=true, inject=Auto, workspace_root="/home/nnico/ethereum/pq-private-transfer"
[2m2026-03-14T20:11:08.222201Z[0m [32m INFO[0m [2mralph_core::event_loop[0m[2m:[0m Looking for memories at: "/home/nnico/ethereum/pq-private-transfer/.ralph/agent/memories.md" (exists: true)
[2m2026-03-14T20:11:08.222322Z[0m [32m INFO[0m [2mralph_core::event_loop[0m[2m:[0m Successfully loaded 9 memories from store
[2m2026-03-14T20:11:08.222356Z[0m [32m INFO[0m [2mralph_core::event_loop[0m[2m:[0m Injecting 9 memories (3126 chars) into prompt
[2m2026-03-14T20:11:08.222414Z[0m [32m INFO[0m [2mralph_core::event_loop[0m[2m:[0m Injecting scratchpad (16528 chars) into prompt
[2m2026-03-14T20:11:08.222484Z[0m [32m INFO[0m [2mralph_core::event_loop[0m[2m:[0m Injecting ready tasks (0 ready, 1 open, 12 closed) into prompt
[2m2026-03-14T20:17:51.845517Z[0m [32m INFO[0m [2mralph_core::event_loop[0m[2m:[0m Memory injection check: enabled=true, inject=Auto, workspace_root="/home/nnico/ethereum/pq-private-transfer"
[2m2026-03-14T20:17:51.845553Z[0m [32m INFO[0m [2mralph_core::event_loop[0m[2m:[0m Looking for memories at: "/home/nnico/ethereum/pq-private-transfer/.ralph/agent/memories.md" (exists: true)
[2m2026-03-14T20:17:51.845660Z[0m [32m INFO[0m [2mralph_core::event_loop[0m[2m:[0m Successfully loaded 9 memories from store
[2m2026-03-14T20:17:51.845672Z[0m [32m INFO[0m [2mralph_core::event_loop[0m[2m:[0m Injecting 9 memories (3126 chars) into prompt
[2m2026-03-14T20:17:51.845724Z[0m [32m INFO[0m [2mralph_core::event_loop[0m[2m:[0m Injecting scratchpad (16635 chars) into prompt
[2m2026-03-14T20:17:51.845794Z[0m [32m INFO[0m [2mralph_core::event_loop[0m[2m:[0m Injecting ready tasks (0 ready, 1 open, 12 closed) into prompt
[2m2026-03-14T20:20:22.011143Z[0m [32m INFO[0m [2mralph_core::event_loop[0m[2m:[0m Memory injection check: enabled=true, inject=Auto, workspace_root="/home/nnico/ethereum/pq-private-transfer"
[2m2026-03-14T20:20:22.011193Z[0m [32m INFO[0m [2mralph_core::event_loop[0m[2m:[0m Looking for memories at: "/home/nnico/ethereum/pq-private-transfer/.ralph/agent/memories.md" (exists: true)
[2m2026-03-14T20:20:22.011328Z[0m [32m INFO[0m [2mralph_core::event_loop[0m[2m:[0m Successfully loaded 9 memories from store
[2m2026-03-14T20:20:22.011359Z[0m [32m INFO[0m [2mralph_core::event_loop[0m[2m:[0m Injecting 9 memories (3126 chars) into prompt
[2m2026-03-14T20:20:22.011435Z[0m [32m INFO[0m [2mralph_core::event_loop[0m[2m:[0m Injecting scratchpad (16670 chars) into prompt
[2m2026-03-14T20:20:22.011534Z[0m [32m INFO[0m [2mralph_core::event_loop[0m[2m:[0m Injecting ready tasks (0 ready, 1 open, 12 closed) into prompt
[2m2026-03-14T20:21:38.234592Z[0m [32m INFO[0m [2mralph_core::event_loop[0m[2m:[0m Memory injection check: enabled=true, inject=Auto, workspace_root="/home/nnico/ethereum/pq-private-transfer"
[2m2026-03-14T20:21:38.234644Z[0m [32m INFO[0m [2mralph_core::event_loop[0m[2m:[0m Looking for memories at: "/home/nnico/ethereum/pq-private-transfer/.ralph/agent/memories.md" (exists: true)
[2m2026-03-14T20:21:38.234753Z[0m [32m INFO[0m [2mralph_core::event_loop[0m[2m:[0m Successfully loaded 9 memories from store
[2m2026-03-14T20:21:38.234771Z[0m [32m INFO[0m [2mralph_core::event_loop[0m[2m:[0m Injecting 9 memories (3126 chars) into prompt
[2m2026-03-14T20:21:38.234841Z[0m [32m INFO[0m [2mralph_core::event_loop[0m[2m:[0m Injecting scratchpad (16765 chars) into prompt
[2m2026-03-14T20:21:38.234911Z[0m [32m INFO[0m [2mralph_core::event_loop[0m[2m:[0m Injecting ready tasks (0 ready, 1 open, 12 closed) into prompt
[2m2026-03-14T20:23:24.288538Z[0m [32m INFO[0m [2mralph_core::event_loop[0m[2m:[0m Memory injection check: enabled=true, inject=Auto, workspace_root="/home/nnico/ethereum/pq-private-transfer"
[2m2026-03-14T20:23:24.288621Z[0m [32m INFO[0m [2mralph_core::event_loop[0m[2m:[0m Looking for memories at: "/home/nnico/ethereum/pq-private-transfer/.ralph/agent/memories.md" (exists: true)
[2m2026-03-14T20:23:24.288783Z[0m [32m INFO[0m [2mralph_core::event_loop[0m[2m:[0m Successfully loaded 9 memories from store
[2m2026-03-14T20:23:24.288842Z[0m [32m INFO[0m [2mralph_core::event_loop[0m[2m:[0m Injecting 9 memories (3126 chars) into prompt
[2m2026-03-14T20:23:24.288917Z[0m [32m INFO[0m [2mralph_core::event_loop[0m[2m:[0m Injecting scratchpad (16774 chars) into prompt
[2m2026-03-14T20:23:24.288985Z[0m [32m INFO[0m [2mralph_core::event_loop[0m[2m:[0m Injecting ready tasks (0 ready, 0 open, 13 closed) into prompt
[2m2026-03-14T20:24:39.051693Z[0m [32m INFO[0m [2mralph_core::event_loop[0m[2m:[0m Memory injection check: enabled=true, inject=Auto, workspace_root="/home/nnico/ethereum/pq-private-transfer"
[2m2026-03-14T20:24:39.051744Z[0m [32m INFO[0m [2mralph_core::event_loop[0m[2m:[0m Looking for memories at: "/home/nnico/ethereum/pq-private-transfer/.ralph/agent/memories.md" (exists: true)
[2m2026-03-14T20:24:39.051883Z[0m [32m INFO[0m [2mralph_core::event_loop[0m[2m:[0m Successfully loaded 9 memories from store
[2m2026-03-14T20:24:39.051899Z[0m [32m INFO[0m [2mralph_core::event_loop[0m[2m:[0m Injecting 9 memories (3126 chars) into prompt
[2m2026-03-14T20:24:39.051973Z[0m [32m INFO[0m [2mralph_core::event_loop[0m[2m:[0m Injecting scratchpad (16827 chars) into prompt
[2m2026-03-14T20:24:39.052044Z[0m [32m INFO[0m [2mralph_core::event_loop[0m[2m:[0m Injecting ready tasks (0 ready, 0 open, 13 closed) into prompt
[2m2026-03-14T20:25:56.798940Z[0m [32m INFO[0m [2mralph_core::event_loop[0m[2m:[0m Memory injection check: enabled=true, inject=Auto, workspace_root="/home/nnico/ethereum/pq-private-transfer"
[2m2026-03-14T20:25:56.798989Z[0m [32m INFO[0m [2mralph_core::event_loop[0m[2m:[0m Looking for memories at: "/home/nnico/ethereum/pq-private-transfer/.ralph/agent/memories.md" (exists: true)
[2m2026-03-14T20:25:56.799090Z[0m [32m INFO[0m [2mralph_core::event_loop[0m[2m:[0m Successfully loaded 9 memories from store
[2m2026-03-14T20:25:56.799133Z[0m [32m INFO[0m [2mralph_core::event_loop[0m[2m:[0m Injecting 9 memories (3126 chars) into prompt
[2m2026-03-14T20:25:56.799207Z[0m [32m INFO[0m [2mralph_core::event_loop[0m[2m:[0m Injecting scratchpad (16871 chars) into prompt
[2m2026-03-14T20:25:56.799304Z[0m [32m INFO[0m [2mralph_core::event_loop[0m[2m:[0m Injecting ready tasks (0 ready, 0 open, 13 closed) into prompt
[2m2026-03-14T20:37:49.547294Z[0m [32m INFO[0m [2mralph_core::event_loop[0m[2m:[0m Memory injection check: enabled=true, inject=Auto, workspace_root="/home/nnico/ethereum/pq-private-transfer"
[2m2026-03-14T20:37:49.547348Z[0m [32m INFO[0m [2mralph_core::event_loop[0m[2m:[0m Looking for memories at: "/home/nnico/ethereum/pq-private-transfer/.ralph/agent/memories.md" (exists: true)
[2m2026-03-14T20:37:49.547463Z[0m [32m INFO[0m [2mralph_core::event_loop[0m[2m:[0m Successfully loaded 9 memories from store
[2m2026-03-14T20:37:49.547495Z[0m [32m INFO[0m [2mralph_core::event_loop[0m[2m:[0m Injecting 9 memories (3126 chars) into prompt
[2m2026-03-14T20:37:49.547554Z[0m [32m INFO[0m [2mralph_core::event_loop[0m[2m:[0m Injecting scratchpad (16883 chars) into prompt
[2m2026-03-14T20:37:49.547614Z[0m [32m INFO[0m [2mralph_core::event_loop[0m[2m:[0m Injecting ready tasks (0 ready, 0 open, 13 closed) into prompt
[2m2026-03-14T20:40:21.095884Z[0m [32m INFO[0m [2mralph_core::event_loop[0m[2m:[0m Completion event detected in JSONL [3mtopic[0m[2m=[0mLOOP_COMPLETE
[2m2026-03-14T20:40:21.096047Z[0m [32m INFO[0m [2mralph_core::event_loop[0m[2m:[0m Completion event detected - terminating
[2m2026-03-14T20:40:21.096057Z[0m [32m INFO[0m [2mralph::loop_runner[0m[2m:[0m Completion event LOOP_COMPLETE detected.
[2m2026-03-14T20:40:21.096101Z[0m [32m INFO[0m [2mralph_core::event_loop[0m[2m:[0m Wrapping up: completed. 40 iterations in 1h 50m 40s. [3mreason[0m[2m=[0mcompleted [3miterations[0m[2m=[0m40 [3mduration[0m[2m=[0m1h 50m 40s
[2m2026-03-14T20:40:21.099315Z[0m [32m INFO[0m [2mralph_core::landing[0m[2m:[0m Beginning landing sequence [3mloop_id[0m[2m=[0mprimary
